<?xml version="1.0" encoding="UTF-8"?>
<testsuite name="ohtu.MultiplierTest" tests="1" skipped="0" failures="0" errors="0" timestamp="2017-11-12T21:36:22" hostname="KENNELI-LAPTOP" time="0.0">
  <properties/>
  <testcase name="kertominenToimii" classname="ohtu.MultiplierTest" time="0.0"/>
  <system-out><![CDATA[]]></system-out>
  <system-err><![CDATA[]]></system-err>
</testsuite>
